<?xml version="1.0" encoding="UTF-8"?>
<testsuite xmlns:xsi="http://www.w3.org/2001/XMLSchema-instance" xsi:noNamespaceSchemaLocation="https://maven.apache.org/surefire/maven-surefire-plugin/xsd/surefire-test-report-3.0.xsd" version="3.0" name="testandohelper.UserManagerTest" time="0.255" tests="19" errors="0" skipped="0" failures="0">
  <properties>
    <property name="java.specification.version" value="21"/>
    <property name="sun.cpu.isalist" value="amd64"/>
    <property name="sun.jnu.encoding" value="Cp1252"/>
    <property name="java.class.path" value="C:\Users\amdress\Desktop\testingProvaFinal\target\test-classes;C:\Users\amdress\Desktop\testingProvaFinal\target\classes;C:\Users\amdress\.m2\repository\org\junit\jupiter\junit-jupiter\5.9.3\junit-jupiter-5.9.3.jar;C:\Users\amdress\.m2\repository\org\junit\jupiter\junit-jupiter-api\5.9.3\junit-jupiter-api-5.9.3.jar;C:\Users\amdress\.m2\repository\org\opentest4j\opentest4j\1.2.0\opentest4j-1.2.0.jar;C:\Users\amdress\.m2\repository\org\junit\platform\junit-platform-commons\1.9.3\junit-platform-commons-1.9.3.jar;C:\Users\amdress\.m2\repository\org\apiguardian\apiguardian-api\1.1.2\apiguardian-api-1.1.2.jar;C:\Users\amdress\.m2\repository\org\junit\jupiter\junit-jupiter-params\5.9.3\junit-jupiter-params-5.9.3.jar;C:\Users\amdress\.m2\repository\org\junit\jupiter\junit-jupiter-engine\5.9.3\junit-jupiter-engine-5.9.3.jar;C:\Users\amdress\.m2\repository\org\junit\platform\junit-platform-engine\1.9.3\junit-platform-engine-1.9.3.jar;"/>
    <property name="java.vm.vendor" value="Oracle Corporation"/>
    <property name="sun.arch.data.model" value="64"/>
    <property name="user.variant" value=""/>
    <property name="java.vendor.url" value="https://java.oracle.com/"/>
    <property name="user.timezone" value="America/Sao_Paulo"/>
    <property name="os.name" value="Windows 11"/>
    <property name="java.vm.specification.version" value="21"/>
    <property name="sun.java.launcher" value="SUN_STANDARD"/>
    <property name="user.country" value="BR"/>
    <property name="sun.boot.library.path" value="C:\Program Files\Java\jdk-21\bin"/>
    <property name="sun.java.command" value="C:\Users\amdress\AppData\Local\Temp\surefire2128344103082163556\surefirebooter-20241126231338758_3.jar C:\Users\amdress\AppData\Local\Temp\surefire2128344103082163556 2024-11-26T23-13-38_351-jvmRun1 surefire-20241126231338758_1tmp surefire_0-20241126231338758_2tmp"/>
    <property name="jdk.debug" value="release"/>
    <property name="surefire.test.class.path" value="C:\Users\amdress\Desktop\testingProvaFinal\target\test-classes;C:\Users\amdress\Desktop\testingProvaFinal\target\classes;C:\Users\amdress\.m2\repository\org\junit\jupiter\junit-jupiter\5.9.3\junit-jupiter-5.9.3.jar;C:\Users\amdress\.m2\repository\org\junit\jupiter\junit-jupiter-api\5.9.3\junit-jupiter-api-5.9.3.jar;C:\Users\amdress\.m2\repository\org\opentest4j\opentest4j\1.2.0\opentest4j-1.2.0.jar;C:\Users\amdress\.m2\repository\org\junit\platform\junit-platform-commons\1.9.3\junit-platform-commons-1.9.3.jar;C:\Users\amdress\.m2\repository\org\apiguardian\apiguardian-api\1.1.2\apiguardian-api-1.1.2.jar;C:\Users\amdress\.m2\repository\org\junit\jupiter\junit-jupiter-params\5.9.3\junit-jupiter-params-5.9.3.jar;C:\Users\amdress\.m2\repository\org\junit\jupiter\junit-jupiter-engine\5.9.3\junit-jupiter-engine-5.9.3.jar;C:\Users\amdress\.m2\repository\org\junit\platform\junit-platform-engine\1.9.3\junit-platform-engine-1.9.3.jar;"/>
    <property name="sun.cpu.endian" value="little"/>
    <property name="user.home" value="C:\Users\amdress"/>
    <property name="user.language" value="pt"/>
    <property name="java.specification.vendor" value="Oracle Corporation"/>
    <property name="java.version.date" value="2023-10-17"/>
    <property name="java.home" value="C:\Program Files\Java\jdk-21"/>
    <property name="file.separator" value="\"/>
    <property name="basedir" value="C:\Users\amdress\Desktop\testingProvaFinal"/>
    <property name="style.color" value="always"/>
    <property name="java.vm.compressedOopsMode" value="32-bit"/>
    <property name="line.separator" value="&#10;"/>
    <property name="java.vm.specification.vendor" value="Oracle Corporation"/>
    <property name="java.specification.name" value="Java Platform API Specification"/>
    <property name="surefire.real.class.path" value="C:\Users\amdress\AppData\Local\Temp\surefire2128344103082163556\surefirebooter-20241126231338758_3.jar"/>
    <property name="user.script" value=""/>
    <property name="sun.management.compiler" value="HotSpot 64-Bit Tiered Compilers"/>
    <property name="java.runtime.version" value="21.0.1+12-LTS-29"/>
    <property name="user.name" value="amdress"/>
    <property name="stdout.encoding" value="Cp1252"/>
    <property name="path.separator" value=";"/>
    <property name="os.version" value="10.0"/>
    <property name="java.runtime.name" value="Java(TM) SE Runtime Environment"/>
    <property name="file.encoding" value="UTF-8"/>
    <property name="java.vm.name" value="Java HotSpot(TM) 64-Bit Server VM"/>
    <property name="localRepository" value="C:\Users\amdress\.m2\repository"/>
    <property name="java.vendor.url.bug" value="https://bugreport.java.com/bugreport/"/>
    <property name="java.io.tmpdir" value="C:\Users\amdress\AppData\Local\Temp\"/>
    <property name="java.version" value="21.0.1"/>
    <property name="user.dir" value="C:\Users\amdress\Desktop\testingProvaFinal"/>
    <property name="os.arch" value="amd64"/>
    <property name="java.vm.specification.name" value="Java Virtual Machine Specification"/>
    <property name="sun.os.patch.level" value=""/>
    <property name="native.encoding" value="Cp1252"/>
    <property name="java.library.path" value="C:\Program Files\Java\jdk-21\bin;C:\WINDOWS\Sun\Java\bin;C:\WINDOWS\system32;C:\WINDOWS;C:\Program Files\Common Files\Oracle\Java\javapath;C:\WINDOWS\system32;C:\WINDOWS;C:\WINDOWS\System32\Wbem;C:\WINDOWS\System32\WindowsPowerShell\v1.0\;C:\WINDOWS\System32\OpenSSH\;C:\Program Files\nodejs\;C:\Program Files\Git\cmd;C:\Users\amdress\AppData\Local\Microsoft\WindowsApps;;C:\Users\amdress\AppData\Local\Programs\Microsoft VS Code\bin;C:\Users\amdress\AppData\Roaming\npm;."/>
    <property name="java.vm.info" value="mixed mode, sharing"/>
    <property name="stderr.encoding" value="Cp1252"/>
    <property name="java.vendor" value="Oracle Corporation"/>
    <property name="java.vm.version" value="21.0.1+12-LTS-29"/>
    <property name="sun.io.unicode.encoding" value="UnicodeLittle"/>
    <property name="java.class.version" value="65.0"/>
  </properties>
  <testcase name="testFindUserByEmailNotFound" classname="testandohelper.UserManagerTest" time="0.008">
    <system-out><![CDATA[Usuario añadido: Alice
]]></system-out>
  </testcase>
  <testcase name="testAddUser" classname="testandohelper.UserManagerTest" time="0.004">
    <system-out><![CDATA[Usuario añadido: Alice
]]></system-out>
  </testcase>
  <testcase name="testClearAllUsers" classname="testandohelper.UserManagerTest" time="0.007">
    <system-out><![CDATA[Usuario añadido: Alice
Usuario añadido: Bob
Todos los usuarios han sido eliminados.
]]></system-out>
  </testcase>
  <testcase name="testChangePasswordInvalid" classname="testandohelper.UserManagerTest" time="0.003">
    <system-out><![CDATA[Usuario añadido: Alice
]]></system-out>
  </testcase>
  <testcase name="testSearchUsers" classname="testandohelper.UserManagerTest" time="0.003">
    <system-out><![CDATA[Usuario añadido: Alice
Usuario añadido: Bob
]]></system-out>
  </testcase>
  <testcase name="testFindUserByName" classname="testandohelper.UserManagerTest" time="0.007">
    <system-out><![CDATA[Usuario añadido: Alice
]]></system-out>
  </testcase>
  <testcase name="testGetAllUsers" classname="testandohelper.UserManagerTest" time="0.003">
    <system-out><![CDATA[Usuario añadido: Alice
Usuario añadido: Bob
]]></system-out>
  </testcase>
  <testcase name="testDeactivateUser" classname="testandohelper.UserManagerTest" time="0.005">
    <system-out><![CDATA[Usuario añadido: Alice
Usuario desactivado: alice@example.com
]]></system-out>
  </testcase>
  <testcase name="testUpdateUser" classname="testandohelper.UserManagerTest" time="0.014">
    <system-out><![CDATA[Usuario añadido: Alice
Usuario actualizado: Alice Smith
]]></system-out>
  </testcase>
  <testcase name="testPrintAllUsers" classname="testandohelper.UserManagerTest" time="0.046">
    <system-out><![CDATA[Usuario añadido: Alice
Usuario añadido: Bob
User{name='Alice', email='alice@example.com'}
User{name='Bob', email='bob@example.com'}
]]></system-out>
  </testcase>
  <testcase name="testChangePassword" classname="testandohelper.UserManagerTest" time="0.004">
    <system-out><![CDATA[Usuario añadido: Alice
Contraseña actualizada para: alice@example.com
]]></system-out>
  </testcase>
  <testcase name="testAddUserWithDuplicateEmail" classname="testandohelper.UserManagerTest" time="0.014">
    <system-out><![CDATA[Usuario añadido: Alice
]]></system-out>
  </testcase>
  <testcase name="testUpdateUserEmailConflict" classname="testandohelper.UserManagerTest" time="0.019">
    <system-out><![CDATA[Usuario añadido: Alice
Usuario añadido: Bob
]]></system-out>
  </testcase>
  <testcase name="testActivateUser" classname="testandohelper.UserManagerTest" time="0.008">
    <system-out><![CDATA[Usuario añadido: Alice
Usuario activado: alice@example.com
]]></system-out>
  </testcase>
  <testcase name="testIsEmailTaken" classname="testandohelper.UserManagerTest" time="0.004">
    <system-out><![CDATA[Usuario añadido: Alice
]]></system-out>
  </testcase>
  <testcase name="testDeleteUser" classname="testandohelper.UserManagerTest" time="0.003">
    <system-out><![CDATA[Usuario añadido: Alice
Usuario eliminado: alice@example.com
]]></system-out>
  </testcase>
  <testcase name="testFindUserByEmail" classname="testandohelper.UserManagerTest" time="0.004">
    <system-out><![CDATA[Usuario añadido: Alice
]]></system-out>
  </testcase>
  <testcase name="testGetActiveUsers" classname="testandohelper.UserManagerTest" time="0.006">
    <system-out><![CDATA[Usuario añadido: Alice
Usuario añadido: Bob
]]></system-out>
  </testcase>
  <testcase name="testDeleteUserNotFound" classname="testandohelper.UserManagerTest" time="0.007">
    <system-out><![CDATA[Usuario añadido: Alice
]]></system-out>
  </testcase>
</testsuite>